# JRE version: Java(TM) SE Runtime Environment (8.0_144-b01) (build 1.8.0_144-b01)
# Java VM: Java HotSpot(TM) 64-Bit Server VM (25.144-b01 mixed mode windows-amd64 compressed oops)
Heap:
 PSYoungGen      total 152576K, used 8159K [0x00000000f2f00000, 0x0000000100000000, 0x0000000100000000)
  eden space 137216K, 5% used [0x00000000f2f00000,0x00000000f36f7fe8,0x00000000fb500000)
  from space 15360K, 0% used [0x00000000fb500000,0x00000000fb500000,0x00000000fc400000)
  to   space 14336K, 0% used [0x00000000ff200000,0x00000000ff200000,0x0000000100000000)
 ParOldGen       total 62464K, used 29393K [0x00000000d8c00000, 0x00000000dc900000, 0x00000000f2f00000)
  object space 62464K, 47% used [0x00000000d8c00000,0x00000000da8b4420,0x00000000dc900000)
 Metaspace       used 57648K, capacity 58118K, committed 58496K, reserved 1099776K
  class space    used 7435K, capacity 7550K, committed 7552K, reserved 1048576K
GC Heap History (10 events):
Event: 13.860 GC heap before
{Heap before GC invocations=14 (full 2):
 PSYoungGen      total 116736K, used 105984K [0x00000000f2f00000, 0x00000000fcf00000, 0x0000000100000000)
  eden space 105984K, 100% used [0x00000000f2f00000,0x00000000f9680000,0x00000000f9680000)
  from space 10752K, 0% used [0x00000000f9680000,0x00000000f9680000,0x00000000fa100000)
  to   space 11264K, 0% used [0x00000000fc400000,0x00000000fc400000,0x00000000fcf00000)
 ParOldGen       total 51200K, used 22962K [0x00000000d8c00000, 0x00000000dbe00000, 0x00000000f2f00000)
  object space 51200K, 44% used [0x00000000d8c00000,0x00000000da26cb78,0x00000000dbe00000)
 Metaspace       used 43616K, capacity 43978K, committed 44416K, reserved 1087488K
  class space    used 5642K, capacity 5742K, committed 5760K, reserved 1048576K
Event: 13.893 GC heap after
Heap after GC invocations=14 (full 2):
 PSYoungGen      total 147456K, used 11241K [0x00000000f2f00000, 0x00000000fcf00000, 0x0000000100000000)
  eden space 136192K, 0% used [0x00000000f2f00000,0x00000000f2f00000,0x00000000fb400000)
  from space 11264K, 99% used [0x00000000fc400000,0x00000000fcefa758,0x00000000fcf00000)
  to   space 12800K, 0% used [0x00000000fb600000,0x00000000fb600000,0x00000000fc280000)
 ParOldGen       total 51200K, used 22994K [0x00000000d8c00000, 0x00000000dbe00000, 0x00000000f2f00000)
  object space 51200K, 44% used [0x00000000d8c00000,0x00000000da274b78,0x00000000dbe00000)
 Metaspace       used 43616K, capacity 43978K, committed 44416K, reserved 1087488K
  class space    used 5642K, capacity 5742K, committed 5760K, reserved 1048576K
}
Event: 17.451 GC heap before
{Heap before GC invocations=15 (full 2):
 PSYoungGen      total 147456K, used 147433K [0x00000000f2f00000, 0x00000000fcf00000, 0x0000000100000000)
  eden space 136192K, 100% used [0x00000000f2f00000,0x00000000fb400000,0x00000000fb400000)
  from space 11264K, 99% used [0x00000000fc400000,0x00000000fcefa758,0x00000000fcf00000)
  to   space 12800K, 0% used [0x00000000fb600000,0x00000000fb600000,0x00000000fc280000)
 ParOldGen       total 51200K, used 22994K [0x00000000d8c00000, 0x00000000dbe00000, 0x00000000f2f00000)
  object space 51200K, 44% used [0x00000000d8c00000,0x00000000da274b78,0x00000000dbe00000)
 Metaspace       used 50256K, capacity 50714K, committed 51328K, reserved 1093632K
  class space    used 6546K, capacity 6662K, committed 6784K, reserved 1048576K
Event: 17.537 GC heap after
Heap after GC invocations=15 (full 2):
 PSYoungGen      total 148992K, used 11842K [0x00000000f2f00000, 0x00000000fcf00000, 0x0000000100000000)
  eden space 136192K, 0% used [0x00000000f2f00000,0x00000000f2f00000,0x00000000fb400000)
  from space 12800K, 92% used [0x00000000fb600000,0x00000000fc190b78,0x00000000fc280000)
  to   space 11264K, 0% used [0x00000000fc400000,0x00000000fc400000,0x00000000fcf00000)
 ParOldGen       total 51200K, used 26222K [0x00000000d8c00000, 0x00000000dbe00000, 0x00000000f2f00000)
  object space 51200K, 51% used [0x00000000d8c00000,0x00000000da59bbc8,0x00000000dbe00000)
 Metaspace       used 50256K, capacity 50714K, committed 51328K, reserved 1093632K
  class space    used 6546K, capacity 6662K, committed 6784K, reserved 1048576K
}
Event: 36.290 GC heap before
{Heap before GC invocations=16 (full 2):
 PSYoungGen      total 148992K, used 148034K [0x00000000f2f00000, 0x00000000fcf00000, 0x0000000100000000)
  eden space 136192K, 100% used [0x00000000f2f00000,0x00000000fb400000,0x00000000fb400000)
  from space 12800K, 92% used [0x00000000fb600000,0x00000000fc190b78,0x00000000fc280000)
  to   space 11264K, 0% used [0x00000000fc400000,0x00000000fc400000,0x00000000fcf00000)
 ParOldGen       total 51200K, used 26222K [0x00000000d8c00000, 0x00000000dbe00000, 0x00000000f2f00000)
  object space 51200K, 51% used [0x00000000d8c00000,0x00000000da59bbc8,0x00000000dbe00000)
 Metaspace       used 56909K, capacity 57414K, committed 57984K, reserved 1099776K
  class space    used 7351K, capacity 7486K, committed 7552K, reserved 1048576K
Event: 36.323 GC heap after
Heap after GC invocations=16 (full 2):
 PSYoungGen      total 148480K, used 10661K [0x00000000f2f00000, 0x00000000ff500000, 0x0000000100000000)
  eden space 137216K, 0% used [0x00000000f2f00000,0x00000000f2f00000,0x00000000fb500000)
  from space 11264K, 94% used [0x00000000fc400000,0x00000000fce69738,0x00000000fcf00000)
  to   space 15360K, 0% used [0x00000000fb500000,0x00000000fb500000,0x00000000fc400000)
 ParOldGen       total 51200K, used 30791K [0x00000000d8c00000, 0x00000000dbe00000, 0x00000000f2f00000)
  object space 51200K, 60% used [0x00000000d8c00000,0x00000000daa11e40,0x00000000dbe00000)
 Metaspace       used 56909K, capacity 57414K, committed 57984K, reserved 1099776K
  class space    used 7351K, capacity 7486K, committed 7552K, reserved 1048576K
}
Event: 36.510 GC heap before
{Heap before GC invocations=17 (full 2):
 PSYoungGen      total 148480K, used 12987K [0x00000000f2f00000, 0x00000000ff500000, 0x0000000100000000)
  eden space 137216K, 1% used [0x00000000f2f00000,0x00000000f31458b0,0x00000000fb500000)
  from space 11264K, 94% used [0x00000000fc400000,0x00000000fce69738,0x00000000fcf00000)
  to   space 15360K, 0% used [0x00000000fb500000,0x00000000fb500000,0x00000000fc400000)
 ParOldGen       total 51200K, used 30791K [0x00000000d8c00000, 0x00000000dbe00000, 0x00000000f2f00000)
  object space 51200K, 60% used [0x00000000d8c00000,0x00000000daa11e40,0x00000000dbe00000)
 Metaspace       used 57150K, capacity 57606K, committed 57984K, reserved 1099776K
  class space    used 7373K, capacity 7486K, committed 7552K, reserved 1048576K
Event: 36.528 GC heap after
Heap after GC invocations=17 (full 2):
 PSYoungGen      total 152576K, used 6467K [0x00000000f2f00000, 0x0000000100000000, 0x0000000100000000)
  eden space 137216K, 0% used [0x00000000f2f00000,0x00000000f2f00000,0x00000000fb500000)
  from space 15360K, 42% used [0x00000000fb500000,0x00000000fbb50ed0,0x00000000fc400000)
  to   space 14336K, 0% used [0x00000000ff200000,0x00000000ff200000,0x0000000100000000)
 ParOldGen       total 51200K, used 30799K [0x00000000d8c00000, 0x00000000dbe00000, 0x00000000f2f00000)
  object space 51200K, 60% used [0x00000000d8c00000,0x00000000daa13e40,0x00000000dbe00000)
 Metaspace       used 57150K, capacity 57606K, committed 57984K, reserved 1099776K
  class space    used 7373K, capacity 7486K, committed 7552K, reserved 1048576K
}
Event: 36.528 GC heap before
{Heap before GC invocations=18 (full 3):
 PSYoungGen      total 152576K, used 6467K [0x00000000f2f00000, 0x0000000100000000, 0x0000000100000000)
  eden space 137216K, 0% used [0x00000000f2f00000,0x00000000f2f00000,0x00000000fb500000)
  from space 15360K, 42% used [0x00000000fb500000,0x00000000fbb50ed0,0x00000000fc400000)
  to   space 14336K, 0% used [0x00000000ff200000,0x00000000ff200000,0x0000000100000000)
 ParOldGen       total 51200K, used 30799K [0x00000000d8c00000, 0x00000000dbe00000, 0x00000000f2f00000)
  object space 51200K, 60% used [0x00000000d8c00000,0x00000000daa13e40,0x00000000dbe00000)
 Metaspace       used 57150K, capacity 57606K, committed 57984K, reserved 1099776K
  class space    used 7373K, capacity 7486K, committed 7552K, reserved 1048576K
Event: 36.857 GC heap after
Heap after GC invocations=18 (full 3):
 PSYoungGen      total 152576K, used 0K [0x00000000f2f00000, 0x0000000100000000, 0x0000000100000000)
  eden space 137216K, 0% used [0x00000000f2f00000,0x00000000f2f00000,0x00000000fb500000)
  from space 15360K, 0% used [0x00000000fb500000,0x00000000fb500000,0x00000000fc400000)
  to   space 14336K, 0% used [0x00000000ff200000,0x00000000ff200000,0x0000000100000000)
 ParOldGen       total 62464K, used 29393K [0x00000000d8c00000, 0x00000000dc900000, 0x00000000f2f00000)
  object space 62464K, 47% used [0x00000000d8c00000,0x00000000da8b4420,0x00000000dc900000)
 Metaspace       used 57150K, capacity 57606K, committed 57984K, reserved 1099776K
  class space    used 7373K, capacity 7486K, committed 7552K, reserved 1048576K
}

